make: Nothing to be done for 'all'.
openmp_pow: n = 112000, m = 100000, thread_count = 1
Congratulations!
Time Cost: 7781984 us

openmp_pow: n = 112000, m = 100000, thread_count = 7
Congratulations!
Time Cost: 1297498 us

openmp_pow: n = 112000, m = 100000, thread_count = 14
Congratulations!
Time Cost: 683745 us

openmp_pow: n = 112000, m = 100000, thread_count = 28
Congratulations!
Time Cost: 340719 us

mpi_pow: n = 112000, m = 100000, process_count = 1
Congratulations!
Time Cost: 7764067 us

mpi_pow: n = 112000, m = 100000, process_count = 7
Congratulations!
Time Cost: 1376804 us

mpi_pow: n = 112000, m = 100000, process_count = 14
Congratulations!
Time Cost: 733351 us

mpi_pow: n = 112000, m = 100000, process_count = 28
Congratulations!
Time Cost: 378457 us

mpi_pow: n = 112000, m = 100000, process_count = 56
Congratulations!
Time Cost: 230345 us

mpi_pow: n = 112000, m = 100000, process_count = 112
Congratulations!
Time Cost: 140724 us

All done!
